# step  time_ps  T_K  Epot_eV  Ekin_eV  Etot_eV  step_s
       0    0.0000    48.32   -2949.1689     1.3491   -2947.8198   0.044
      50    0.0250   611.34   -2970.5166    17.0687   -2953.4479   0.187
     100    0.0500   613.78   -2978.3516    17.1368   -2961.2148   0.127
     150    0.0750   503.33   -2981.8496    14.0530   -2967.7966   0.127
     200    0.1000   408.33   -2984.5596    11.4006   -2973.1589   0.127
     250    0.1250   350.20   -2987.5779     9.7775   -2977.8003   0.127
     300    0.1500   295.93   -2989.9854     8.2625   -2981.7229   0.127
     350    0.1750   239.90   -2991.4780     6.6980   -2984.7800   0.127
     400    0.2000   247.56   -2994.2495     6.9119   -2987.3376   0.126
     450    0.2250   214.05   -2995.8052     5.9764   -2989.8288   0.126
     500    0.2500   167.85   -2996.4160     4.6863   -2991.7298   0.127
     550    0.2750   179.89   -2998.4736     5.0225   -2993.4511   0.127
     600    0.3000   145.23   -2999.3164     4.0547   -2995.2617   0.127
     650    0.3250   132.11   -3000.2253     3.6886   -2996.5367   0.127
     700    0.3500   116.41   -3000.8252     3.2503   -2997.5749   0.127
     750    0.3750   109.87   -3001.4431     3.0676   -2998.3755   0.127
     800    0.4000    91.15   -3001.9858     2.5448   -2999.4410   0.127
     850    0.4250    91.68   -3002.4946     2.5598   -2999.9348   0.127
     900    0.4500    86.19   -3002.7520     2.4065   -3000.3455   0.127
     950    0.4750    75.05   -3003.0005     2.0954   -3000.9051   0.127
    1000    0.5000    74.00   -3003.3936     2.0662   -3001.3274   0.127
    1050    0.5250    67.63   -3003.5718     1.8883   -3001.6835   0.127
    1100    0.5500    64.98   -3003.8809     1.8143   -3002.0666   0.127
    1150    0.5750    71.05   -3004.1353     1.9837   -3002.1515   0.127
    1200    0.6000    65.40   -3004.2241     1.8261   -3002.3980   0.127
    1250    0.6250    60.16   -3004.2561     1.6798   -3002.5763   0.127
    1300    0.6500    59.61   -3004.3574     1.6644   -3002.6930   0.127
    1350    0.6750    61.46   -3004.5117     1.7159   -3002.7958   0.127
    1400    0.7000    60.74   -3004.7197     1.6960   -3003.0237   0.127
    1450    0.7250    59.14   -3004.7300     1.6511   -3003.0789   0.127
    1500    0.7500    59.97   -3004.8777     1.6743   -3003.2034   0.127
    1550    0.7750    60.15   -3005.0010     1.6795   -3003.3215   0.127
    1600    0.8000    61.65   -3005.1616     1.7211   -3003.4405   0.127
    1650    0.8250    60.52   -3005.2837     1.6897   -3003.5939   0.127
    1700    0.8500    53.01   -3005.1807     1.4802   -3003.7005   0.127
    1750    0.8750    57.73   -3005.5828     1.6119   -3003.9709   0.127
    1800    0.9000    50.16   -3005.5381     1.4005   -3004.1376   0.127
    1850    0.9250    54.17   -3005.8047     1.5123   -3004.2924   0.127
    1900    0.9500    51.86   -3005.8486     1.4480   -3004.4006   0.128
    1950    0.9750    53.77   -3005.9756     1.5012   -3004.4744   0.127
    2000    1.0000    59.12   -3006.2017     1.6505   -3004.5511   0.127
    2050    1.0250    61.77   -3006.5635     1.7247   -3004.8388   0.127
    2100    1.0500    58.91   -3006.6919     1.6448   -3005.0471   0.127
    2150    1.0750    61.26   -3006.7627     1.7104   -3005.0523   0.127
    2200    1.1000    52.30   -3006.7861     1.4603   -3005.3258   0.127
    2250    1.1250    55.80   -3006.8269     1.5580   -3005.2689   0.127
    2300    1.1500    53.42   -3006.9570     1.4916   -3005.4654   0.127
    2350    1.1750    54.19   -3006.9292     1.5130   -3005.4162   0.127
    2400    1.2000    53.70   -3006.9565     1.4994   -3005.4571   0.127
    2450    1.2250    56.92   -3007.0591     1.5893   -3005.4697   0.127
    2500    1.2500    56.45   -3007.2441     1.5761   -3005.6680   0.127
    2550    1.2750    62.53   -3007.5181     1.7459   -3005.7721   0.127
    2600    1.3000    55.53   -3007.4497     1.5503   -3005.8994   0.127
    2650    1.3250    57.32   -3007.5483     1.6002   -3005.9481   0.127
    2700    1.3500    56.43   -3007.6372     1.5754   -3006.0618   0.127
    2750    1.3750    54.14   -3007.5488     1.5115   -3006.0373   0.127
    2800    1.4000    54.71   -3007.7988     1.5276   -3006.2713   0.127
    2850    1.4250    57.87   -3007.9150     1.6159   -3006.2992   0.127
    2900    1.4500    58.31   -3007.9409     1.6280   -3006.3129   0.127
    2950    1.4750    53.06   -3007.8411     1.4814   -3006.3596   0.127
    3000    1.5000    50.90   -3007.8896     1.4212   -3006.4684   0.127
    3050    1.5250    59.42   -3008.1482     1.6590   -3006.4892   0.127
    3100    1.5500    56.81   -3008.1797     1.5861   -3006.5936   0.127
    3150    1.5750    53.45   -3008.3743     1.4922   -3006.8821   0.127
    3200    1.6000    54.81   -3008.4636     1.5302   -3006.9334   0.127
    3250    1.6250    57.29   -3008.3704     1.5996   -3006.7707   0.127
    3300    1.6500    56.90   -3008.4402     1.5885   -3006.8517   0.127
    3350    1.6750    51.88   -3008.3628     1.4485   -3006.9143   0.127
    3400    1.7000    56.79   -3008.5105     1.5857   -3006.9248   0.127
    3450    1.7250    59.83   -3008.5938     1.6704   -3006.9233   0.127
    3500    1.7500    51.30   -3008.3545     1.4322   -3006.9223   0.127
    3550    1.7750    55.65   -3008.5342     1.5539   -3006.9803   0.127
    3600    1.8000    48.62   -3008.3223     1.3576   -3006.9647   0.127
    3650    1.8250    54.10   -3008.4692     1.5105   -3006.9588   0.127
    3700    1.8500    49.42   -3008.4521     1.3797   -3007.0724   0.128
    3750    1.8750    55.64   -3008.5974     1.5534   -3007.0440   0.127
    3800    1.9000    54.59   -3008.5098     1.5241   -3006.9857   0.127
    3850    1.9250    53.43   -3008.5347     1.4919   -3007.0428   0.127
    3900    1.9500    53.00   -3008.5962     1.4798   -3007.1164   0.127
    3950    1.9750    51.80   -3008.5667     1.4464   -3007.1203   0.127
    4000    2.0000    50.78   -3008.4868     1.4179   -3007.0690   0.127
    4050    2.0250    48.65   -3008.5571     1.3584   -3007.1987   0.127
    4100    2.0500    51.31   -3008.7385     1.4325   -3007.3060   0.127
    4150    2.0750    51.06   -3008.6782     1.4256   -3007.2526   0.127
    4200    2.1000    51.29   -3008.6416     1.4320   -3007.2096   0.127
    4250    2.1250    58.64   -3008.7056     1.6372   -3007.0684   0.127
    4300    2.1500    52.49   -3008.6396     1.4655   -3007.1742   0.127
    4350    2.1750    51.68   -3008.6538     1.4429   -3007.2110   0.126
    4400    2.2000    53.00   -3008.7573     1.4798   -3007.2776   0.127
    4450    2.2250    54.37   -3008.7900     1.5180   -3007.2721   0.127
    4500    2.2500    53.32   -3008.7603     1.4887   -3007.2716   0.127
    4550    2.2750    54.16   -3008.7993     1.5123   -3007.2870   0.127
    4600    2.3000    50.01   -3008.9023     1.3962   -3007.5061   0.127
    4650    2.3250    46.16   -3008.8184     1.2888   -3007.5296   0.127
    4700    2.3500    52.43   -3009.0027     1.4637   -3007.5390   0.127
    4750    2.3750    51.20   -3008.8979     1.4296   -3007.4684   0.127
    4800    2.4000    55.29   -3008.9639     1.5437   -3007.4201   0.127
    4850    2.4250    53.67   -3008.9907     1.4984   -3007.4923   0.127
    4900    2.4500    53.08   -3009.0225     1.4819   -3007.5406   0.127
    4950    2.4750    49.86   -3008.9817     1.3920   -3007.5897   0.127
    5000    2.5000    49.10   -3009.0750     1.3710   -3007.7039   0.127
    5050    2.5250    51.32   -3009.1011     1.4327   -3007.6683   0.127
    5100    2.5500    49.19   -3008.9639     1.3733   -3007.5906   0.127
    5150    2.5750    46.90   -3008.9556     1.3094   -3007.6462   0.127
    5200    2.6000    47.45   -3008.8486     1.3249   -3007.5237   0.127
    5250    2.6250    51.47   -3008.8123     1.4371   -3007.3751   0.127
    5300    2.6500    54.79   -3008.8481     1.5297   -3007.3184   0.127
    5350    2.6750    58.46   -3008.9038     1.6322   -3007.2717   0.127
    5400    2.7000    52.38   -3008.8337     1.4626   -3007.3712   0.127
    5450    2.7250    53.10   -3008.9302     1.4825   -3007.4476   0.127
    5500    2.7500    48.33   -3008.9136     1.3493   -3007.5642   0.127
    5550    2.7750    49.08   -3008.9321     1.3702   -3007.5619   0.127
    5600    2.8000    50.45   -3008.9683     1.4086   -3007.5597   0.127
    5650    2.8250    48.64   -3008.8850     1.3579   -3007.5271   0.127
    5700    2.8500    51.78   -3009.0007     1.4457   -3007.5550   0.127
    5750    2.8750    54.70   -3009.1653     1.5273   -3007.6380   0.127
    5800    2.9000    51.25   -3009.1030     1.4309   -3007.6721   0.127
    5850    2.9250    51.33   -3009.1450     1.4332   -3007.7118   0.127
    5900    2.9500    48.63   -3009.1882     1.3579   -3007.8303   0.127
    5950    2.9750    49.36   -3009.0654     1.3783   -3007.6872   0.127
    6000    3.0000    53.58   -3009.1716     1.4959   -3007.6757   0.127
    6050    3.0250    51.19   -3009.0505     1.4294   -3007.6212   0.127
    6100    3.0500    54.14   -3009.2144     1.5115   -3007.7028   0.127
    6150    3.0750    52.32   -3009.1382     1.4607   -3007.6775   0.127
    6200    3.1000    50.91   -3009.1360     1.4214   -3007.7146   0.126
    6250    3.1250    51.15   -3009.1660     1.4280   -3007.7380   0.126
    6300    3.1500    52.97   -3009.2017     1.4790   -3007.7226   0.127
    6350    3.1750    49.67   -3009.2239     1.3868   -3007.8371   0.127
    6400    3.2000    52.17   -3009.2241     1.4567   -3007.7675   0.127
    6450    3.2250    52.90   -3009.2192     1.4770   -3007.7423   0.127
    6500    3.2500    49.57   -3009.1846     1.3839   -3007.8007   0.127
    6550    3.2750    47.82   -3009.1406     1.3352   -3007.8054   0.127
    6600    3.3000    47.92   -3009.0901     1.3380   -3007.7521   0.127
    6650    3.3250    51.87   -3009.0386     1.4482   -3007.5904   0.127
    6700    3.3500    55.64   -3009.0571     1.5535   -3007.5036   0.127
    6750    3.3750    54.01   -3008.9985     1.5079   -3007.4907   0.127
    6800    3.4000    53.03   -3009.0000     1.4805   -3007.5195   0.127
    6850    3.4250    53.61   -3009.0625     1.4967   -3007.5658   0.127
    6900    3.4500    49.89   -3009.0164     1.3930   -3007.6233   0.127
    6950    3.4750    53.59   -3009.1785     1.4962   -3007.6823   0.127
    7000    3.5000    49.88   -3009.0491     1.3926   -3007.6565   0.127
    7050    3.5250    52.64   -3009.0981     1.4697   -3007.6284   0.127
    7100    3.5500    52.23   -3009.1511     1.4583   -3007.6928   0.127
    7150    3.5750    52.15   -3009.2319     1.4560   -3007.7759   0.127
    7200    3.6000    49.43   -3009.2783     1.3801   -3007.8982   0.127
    7250    3.6250    52.61   -3009.3735     1.4689   -3007.9047   0.127
    7300    3.6500    53.36   -3009.3960     1.4898   -3007.9062   0.127
    7350    3.6750    49.23   -3009.3750     1.3744   -3008.0006   0.127
    7400    3.7000    50.26   -3009.4661     1.4033   -3008.0627   0.127
    7450    3.7250    48.12   -3009.4741     1.3435   -3008.1306   0.127
    7500    3.7500    48.39   -3009.6509     1.3512   -3008.2997   0.127
    7550    3.7750    44.96   -3009.6406     1.2554   -3008.3852   0.127
    7600    3.8000    51.98   -3009.7368     1.4512   -3008.2856   0.127
    7650    3.8250    49.34   -3009.5767     1.3777   -3008.1990   0.127
    7700    3.8500    49.49   -3009.6001     1.3819   -3008.2182   0.127
    7750    3.8750    55.48   -3009.7705     1.5489   -3008.2216   0.127
    7800    3.9000    51.39   -3009.6636     1.4348   -3008.2287   0.127
    7850    3.9250    51.94   -3009.7178     1.4502   -3008.2675   0.127
    7900    3.9500    53.86   -3009.7231     1.5039   -3008.2193   0.127
    7950    3.9750    55.16   -3009.7393     1.5400   -3008.1993   0.127
    8000    4.0000    50.96   -3009.6846     1.4229   -3008.2617   0.127
    8050    4.0250    50.53   -3009.5854     1.4107   -3008.1747   0.127
    8100    4.0500    56.33   -3009.5940     1.5729   -3008.0211   0.127
    8150    4.0750    52.74   -3009.5181     1.4725   -3008.0455   0.127
    8200    4.1000    57.37   -3009.6497     1.6018   -3008.0478   0.127
    8250    4.1250    50.88   -3009.5000     1.4207   -3008.0793   0.127
    8300    4.1500    53.11   -3009.5923     1.4828   -3008.1095   0.127
    8350    4.1750    51.92   -3009.6094     1.4497   -3008.1597   0.127
    8400    4.2000    50.51   -3009.5820     1.4104   -3008.1717   0.128
    8450    4.2250    52.43   -3009.6465     1.4639   -3008.1826   0.127
    8500    4.2500    51.31   -3009.6838     1.4325   -3008.2513   0.127
    8550    4.2750    52.56   -3009.7898     1.4675   -3008.3223   0.127
    8600    4.3000    51.02   -3009.7324     1.4246   -3008.3079   0.127
    8650    4.3250    47.47   -3009.5464     1.3253   -3008.2210   0.127
    8700    4.3500    52.07   -3009.5908     1.4537   -3008.1371   0.127
    8750    4.3750    50.38   -3009.5300     1.4065   -3008.1235   0.127
    8800    4.4000    49.29   -3009.6082     1.3760   -3008.2321   0.127
    8850    4.4250    55.19   -3009.6663     1.5410   -3008.1253   0.127
    8900    4.4500    49.36   -3009.6428     1.3780   -3008.2648   0.127
    8950    4.4750    52.12   -3009.6172     1.4552   -3008.1619   0.127
    9000    4.5000    52.81   -3009.5933     1.4745   -3008.1188   0.127
    9050    4.5250    50.47   -3009.6270     1.4092   -3008.2177   0.127
    9100    4.5500    49.72   -3009.7034     1.3882   -3008.3152   0.127
    9150    4.5750    47.91   -3009.7085     1.3378   -3008.3707   0.127
    9200    4.6000    49.05   -3009.7881     1.3696   -3008.4185   0.127
    9250    4.6250    46.79   -3009.7061     1.3064   -3008.3996   0.127
    9300    4.6500    46.92   -3009.6689     1.3099   -3008.3590   0.127
    9350    4.6750    48.08   -3009.6777     1.3423   -3008.3354   0.127
    9400    4.7000    46.70   -3009.6851     1.3037   -3008.3813   0.127
    9450    4.7250    48.35   -3009.7056     1.3499   -3008.3557   0.127
    9500    4.7500    49.76   -3009.7544     1.3894   -3008.3650   0.127
    9550    4.7750    52.71   -3009.7153     1.4716   -3008.2437   0.127
    9600    4.8000    48.57   -3009.5127     1.3562   -3008.1565   0.127
    9650    4.8250    49.87   -3009.6533     1.3923   -3008.2610   0.128
    9700    4.8500    49.68   -3009.6260     1.3871   -3008.2389   0.127
    9750    4.8750    50.74   -3009.6973     1.4166   -3008.2807   0.127
    9800    4.9000    50.98   -3009.6973     1.4234   -3008.2738   0.127
    9850    4.9250    46.51   -3009.5771     1.2986   -3008.2785   0.127
    9900    4.9500    49.27   -3009.6387     1.3757   -3008.2630   0.128
    9950    4.9750    47.79   -3009.6309     1.3344   -3008.2965   0.128
   10000    5.0000    49.71   -3009.6953     1.3879   -3008.3074   0.128
   10050    5.0250    50.57   -3009.7754     1.4119   -3008.3635   0.127
   10100    5.0500    48.39   -3009.6697     1.3510   -3008.3187   0.127
   10150    5.0750    48.26   -3009.7437     1.3476   -3008.3961   0.128
   10200    5.1000    50.17   -3009.8062     1.4007   -3008.4055   0.127
   10250    5.1250    45.79   -3009.6870     1.2786   -3008.4084   0.127
   10300    5.1500    46.47   -3009.7368     1.2974   -3008.4394   0.127
   10350    5.1750    47.49   -3009.7737     1.3259   -3008.4477   0.127
   10400    5.2000    48.76   -3009.6433     1.3614   -3008.2819   0.127
   10450    5.2250    46.53   -3009.5901     1.2992   -3008.2909   0.127
   10500    5.2500    54.84   -3009.7334     1.5311   -3008.2023   0.127
   10550    5.2750    47.58   -3009.4888     1.3285   -3008.1602   0.127
   10600    5.3000    51.25   -3009.5615     1.4310   -3008.1305   0.127
   10650    5.3250    49.17   -3009.5610     1.3729   -3008.1881   0.127
   10700    5.3500    50.83   -3009.6504     1.4192   -3008.2312   0.127
   10750    5.3750    49.31   -3009.6904     1.3769   -3008.3136   0.127
   10800    5.4000    50.97   -3009.6677     1.4231   -3008.2446   0.127
   10850    5.4250    49.85   -3009.7080     1.3919   -3008.3161   0.127
   10900    5.4500    46.71   -3009.5652     1.3040   -3008.2611   0.127
   10950    5.4750    50.25   -3009.6582     1.4030   -3008.2552   0.127
   11000    5.5000    47.25   -3009.6235     1.3193   -3008.3042   0.127
   11050    5.5250    47.62   -3009.6616     1.3295   -3008.3321   0.127
   11100    5.5500    49.42   -3009.6426     1.3797   -3008.2629   0.127
   11150    5.5750    45.24   -3009.6323     1.2631   -3008.3693   0.127
   11200    5.6000    45.90   -3009.6953     1.2815   -3008.4138   0.127
   11250    5.6250    47.80   -3009.7690     1.3346   -3008.4344   0.127
   11300    5.6500    48.21   -3009.7314     1.3460   -3008.3854   0.127
   11350    5.6750    48.55   -3009.6499     1.3555   -3008.2944   0.127
   11400    5.7000    51.25   -3009.6865     1.4309   -3008.2556   0.127
   11450    5.7250    48.16   -3009.6851     1.3445   -3008.3405   0.127
   11500    5.7500    47.72   -3009.7334     1.3324   -3008.4010   0.127
   11550    5.7750    49.10   -3009.7920     1.3709   -3008.4211   0.127
   11600    5.8000    49.47   -3009.8052     1.3813   -3008.4239   0.127
   11650    5.8250    45.33   -3009.6797     1.2655   -3008.4141   0.127
   11700    5.8500    48.13   -3009.7671     1.3437   -3008.4234   0.127
   11750    5.8750    50.50   -3009.6685     1.4100   -3008.2584   0.127
   11800    5.9000    49.32   -3009.7041     1.3770   -3008.3271   0.127
   11850    5.9250    49.57   -3009.7656     1.3841   -3008.3815   0.127
   11900    5.9500    51.90   -3009.7856     1.4491   -3008.3365   0.127
   11950    5.9750    49.07   -3009.6558     1.3702   -3008.2856   0.127
   12000    6.0000    51.98   -3009.6372     1.4512   -3008.1860   0.127
   12050    6.0250    50.84   -3009.6384     1.4194   -3008.2190   0.127
   12100    6.0500    47.91   -3009.4597     1.3375   -3008.1222   0.127
   12150    6.0750    54.06   -3009.6646     1.5093   -3008.1553   0.127
   12200    6.1000    50.86   -3009.5962     1.4200   -3008.1762   0.127
   12250    6.1250    48.19   -3009.6763     1.3455   -3008.3308   0.127
   12300    6.1500    55.38   -3009.6858     1.5463   -3008.1395   0.127
   12350    6.1750    54.77   -3009.7075     1.5291   -3008.1784   0.126
   12400    6.2000    50.77   -3009.7373     1.4175   -3008.3198   0.127
   12450    6.2250    52.21   -3009.7139     1.4578   -3008.2561   0.127
   12500    6.2500    49.77   -3009.6587     1.3895   -3008.2692   0.127
   12550    6.2750    52.17   -3009.6284     1.4565   -3008.1719   0.127
   12600    6.3000    51.01   -3009.5947     1.4243   -3008.1704   0.127
   12650    6.3250    51.39   -3009.6191     1.4347   -3008.1844   0.127
   12700    6.3500    49.11   -3009.5991     1.3712   -3008.2279   0.127
   12750    6.3750    50.06   -3009.7673     1.3977   -3008.3697   0.127
   12800    6.4000    48.61   -3009.7627     1.3572   -3008.4055   0.127
   12850    6.4250    48.01   -3009.6624     1.3403   -3008.3220   0.127
   12900    6.4500    48.18   -3009.6689     1.3453   -3008.3236   0.127
   12950    6.4750    52.01   -3009.5793     1.4522   -3008.1271   0.127
   13000    6.5000    53.99   -3009.6396     1.5073   -3008.1323   0.127
   13050    6.5250    54.59   -3009.6611     1.5241   -3008.1371   0.127
   13100    6.5500    54.33   -3009.7861     1.5169   -3008.2693   0.127
   13150    6.5750    48.91   -3009.7717     1.3654   -3008.4063   0.127
   13200    6.6000    46.10   -3009.6228     1.2872   -3008.3356   0.127
   13250    6.6250    46.28   -3009.6724     1.2921   -3008.3803   0.127
   13300    6.6500    46.33   -3009.7437     1.2935   -3008.4502   0.127
   13350    6.6750    45.28   -3009.6489     1.2643   -3008.3846   0.127
   13400    6.7000    50.17   -3009.5706     1.4007   -3008.1699   0.127
   13450    6.7250    50.43   -3009.6357     1.4081   -3008.2276   0.127
   13500    6.7500    51.45   -3009.6445     1.4365   -3008.2080   0.127
   13550    6.7750    53.70   -3009.6350     1.4993   -3008.1357   0.127
   13600    6.8000    52.14   -3009.5679     1.4557   -3008.1122   0.127
   13650    6.8250    51.85   -3009.5835     1.4477   -3008.1358   0.127
   13700    6.8500    50.82   -3009.5735     1.4189   -3008.1546   0.127
   13750    6.8750    47.66   -3009.5764     1.3308   -3008.2456   0.127
   13800    6.9000    49.05   -3009.6445     1.3695   -3008.2750   0.127
   13850    6.9250    50.65   -3009.6462     1.4141   -3008.2321   0.128
   13900    6.9500    55.85   -3009.6921     1.5594   -3008.1327   0.127
   13950    6.9750    50.58   -3009.5842     1.4121   -3008.1721   0.127
   14000    7.0000    51.17   -3009.4927     1.4287   -3008.0640   0.127
   14050    7.0250    52.67   -3009.5742     1.4706   -3008.1036   0.127
   14100    7.0500    51.01   -3009.5151     1.4242   -3008.0909   0.127
   14150    7.0750    48.95   -3009.6338     1.3666   -3008.2671   0.127
   14200    7.1000    45.69   -3009.6528     1.2758   -3008.3771   0.127
   14250    7.1250    48.71   -3009.6885     1.3600   -3008.3284   0.127
   14300    7.1500    47.16   -3009.6282     1.3167   -3008.3115   0.127
   14350    7.1750    51.48   -3009.7188     1.4374   -3008.2814   0.127
   14400    7.2000    48.37   -3009.6611     1.3505   -3008.3107   0.127
   14450    7.2250    49.50   -3009.6414     1.3819   -3008.2594   0.127
   14500    7.2500    50.65   -3009.6514     1.4141   -3008.2373   0.127
   14550    7.2750    52.67   -3009.7371     1.4706   -3008.2665   0.127
   14600    7.3000    49.30   -3009.6677     1.3765   -3008.2912   0.127
   14650    7.3250    48.48   -3009.7354     1.3536   -3008.3818   0.127
   14700    7.3500    52.41   -3009.6799     1.4633   -3008.2166   0.127
   14750    7.3750    49.24   -3009.6069     1.3748   -3008.2321   0.127
   14800    7.4000    48.41   -3009.6768     1.3517   -3008.3250   0.127
   14850    7.4250    49.72   -3009.7942     1.3882   -3008.4059   0.127
   14900    7.4500    48.47   -3009.7312     1.3534   -3008.3778   0.127
   14950    7.4750    47.12   -3009.6724     1.3156   -3008.3567   0.127
   15000    7.5000    51.33   -3009.8013     1.4331   -3008.3682   0.127
   15050    7.5250    47.66   -3009.6230     1.3306   -3008.2925   0.127
   15100    7.5500    49.62   -3009.6501     1.3854   -3008.2647   0.127
   15150    7.5750    50.61   -3009.7363     1.4130   -3008.3233   0.127
   15200    7.6000    55.11   -3009.6729     1.5386   -3008.1342   0.127
   15250    7.6250    55.50   -3009.7109     1.5496   -3008.1613   0.127
   15300    7.6500    51.26   -3009.8052     1.4311   -3008.3741   0.127
   15350    7.6750    51.39   -3009.7390     1.4348   -3008.3042   0.127
   15400    7.7000    47.43   -3009.6292     1.3243   -3008.3048   0.127
   15450    7.7250    47.38   -3009.5947     1.3227   -3008.2720   0.127
   15500    7.7500    52.41   -3009.6436     1.4632   -3008.1803   0.127
   15550    7.7750    54.68   -3009.7261     1.5265   -3008.1995   0.127
   15600    7.8000    51.85   -3009.6165     1.4476   -3008.1688   0.127
   15650    7.8250    50.39   -3009.5271     1.4070   -3008.1201   0.127
   15700    7.8500    56.36   -3009.6501     1.5736   -3008.0766   0.127
   15750    7.8750    49.37   -3009.4463     1.3784   -3008.0679   0.127
   15800    7.9000    54.33   -3009.6421     1.5169   -3008.1252   0.127
   15850    7.9250    50.40   -3009.5479     1.4072   -3008.1407   0.127
   15900    7.9500    49.80   -3009.6472     1.3904   -3008.2568   0.128
   15950    7.9750    50.54   -3009.5786     1.4110   -3008.1676   0.128
   16000    8.0000    51.12   -3009.5576     1.4272   -3008.1304   0.127
   16050    8.0250    51.06   -3009.6614     1.4255   -3008.2359   0.127
   16100    8.0500    51.54   -3009.6907     1.4391   -3008.2516   0.127
   16150    8.0750    49.99   -3009.6741     1.3956   -3008.2785   0.127
   16200    8.1000    47.55   -3009.5571     1.3277   -3008.2295   0.127
   16250    8.1250    49.39   -3009.6519     1.3789   -3008.2730   0.127
   16300    8.1500    52.09   -3009.8032     1.4543   -3008.3490   0.127
   16350    8.1750    50.24   -3009.6963     1.4028   -3008.2935   0.126
   16400    8.2000    50.82   -3009.6138     1.4190   -3008.1948   0.126
   16450    8.2250    53.23   -3009.6938     1.4863   -3008.2076   0.126
   16500    8.2500    53.47   -3009.7268     1.4928   -3008.2340   0.127
   16550    8.2750    49.30   -3009.5347     1.3764   -3008.1583   0.127
   16600    8.3000    54.62   -3009.6189     1.5250   -3008.0939   0.127
   16650    8.3250    47.93   -3009.5803     1.3383   -3008.2420   0.127
   16700    8.3500    48.80   -3009.6836     1.3626   -3008.3210   0.127
   16750    8.3750    48.92   -3009.7227     1.3658   -3008.3569   0.127
   16800    8.4000    44.30   -3009.7488     1.2367   -3008.5120   0.127
   16850    8.4250    50.27   -3009.8174     1.4035   -3008.4139   0.127
   16900    8.4500    49.18   -3009.6997     1.3732   -3008.3265   0.127
   16950    8.4750    48.78   -3009.7329     1.3620   -3008.3709   0.127
   17000    8.5000    45.44   -3009.6448     1.2686   -3008.3762   0.127
   17050    8.5250    51.09   -3009.8855     1.4263   -3008.4592   0.127
   17100    8.5500    50.12   -3009.8005     1.3993   -3008.4013   0.127
   17150    8.5750    48.11   -3009.8369     1.3433   -3008.4936   0.127
   17200    8.6000    47.74   -3009.8462     1.3329   -3008.5133   0.127
   17250    8.6250    45.60   -3009.8140     1.2733   -3008.5407   0.127
   17300    8.6500    47.46   -3009.8054     1.3252   -3008.4803   0.127
   17350    8.6750    46.54   -3009.8145     1.2994   -3008.5150   0.127
   17400    8.7000    50.38   -3009.8750     1.4067   -3008.4683   0.127
   17450    8.7250    51.06   -3009.8530     1.4256   -3008.4275   0.127
   17500    8.7500    47.37   -3009.7246     1.3227   -3008.4019   0.127
   17550    8.7750    54.45   -3009.8503     1.5204   -3008.3300   0.127
   17600    8.8000    50.16   -3009.7363     1.4004   -3008.3359   0.127
   17650    8.8250    50.20   -3009.7131     1.4015   -3008.3117   0.126
   17700    8.8500    42.03   -3009.5466     1.1734   -3008.3733   0.127
   17750    8.8750    47.87   -3009.7051     1.3364   -3008.3687   0.127
   17800    8.9000    49.30   -3009.6519     1.3764   -3008.2755   0.127
   17850    8.9250    54.71   -3009.7161     1.5274   -3008.1886   0.127
   17900    8.9500    50.77   -3009.6616     1.4176   -3008.2440   0.127
   17950    8.9750    49.31   -3009.6731     1.3766   -3008.2965   0.127
   18000    9.0000    53.57   -3009.8066     1.4956   -3008.3111   0.128
   18050    9.0250    51.49   -3009.6353     1.4377   -3008.1975   0.127
   18100    9.0500    55.35   -3009.6023     1.5454   -3008.0569   0.127
   18150    9.0750    51.59   -3009.6311     1.4404   -3008.1907   0.127
